<?xml version="1.0" encoding="UTF-8"?>
<!-- Generated by org.testng.reporters.JUnitReportReporter -->
<testsuite hostname="DESKTOP-7FU9MGT" failures="0" tests="1" name="day3.PathAndQueryParameters" time="3.826" errors="0" timestamp="2023-07-05T08:17:41 IST" skipped="0">
  <testcase classname="day3.PathAndQueryParameters" name="testQueryAndPathParameters" time="3.826"/>
  <system-out/>
</testsuite> <!-- day3.PathAndQueryParameters -->
