<?xml version="1.0" encoding="UTF-8"?>
<!-- Generated by org.testng.reporters.JUnitReportReporter -->
<testsuite hostname="DESKTOP-7FU9MGT" failures="0" tests="3" name="day3.HeadersDemo" time="6.409" errors="0" timestamp="2023-07-05T08:57:06 IST" skipped="0">
  <testcase classname="day3.HeadersDemo" name="testHeaders" time="4.831"/>
  <system-out/>
  <testcase classname="day3.HeadersDemo" name="getHeaders" time="0.865"/>
  <system-out/>
  <testcase classname="day3.HeadersDemo" name="getAllHeaders" time="0.713"/>
  <system-out/>
</testsuite> <!-- day3.HeadersDemo -->
