<?xml version="1.0" encoding="UTF-8"?>
<!-- Generated by org.testng.reporters.JUnitReportReporter -->
<testsuite hostname="DESKTOP-7FU9MGT" failures="0" tests="1" name="day3.LoggingDemo" time="5.655" errors="0" timestamp="2023-07-05T09:02:07 IST" skipped="0">
  <testcase classname="day3.LoggingDemo" name="testLogs" time="5.655"/>
  <system-out/>
</testsuite> <!-- day3.LoggingDemo -->
