<?xml version="1.0" encoding="UTF-8"?>
<!-- Generated by org.testng.reporters.JUnitReportReporter -->
<testsuite hostname="DESKTOP-7FU9MGT" failures="0" tests="4" name="suresh.RestAssuredPractise.CrudOperations" time="6.453" errors="0" timestamp="2023-07-04T21:44:34 IST" skipped="0">
  <testcase classname="suresh.RestAssuredPractise.CrudOperations" name="getusers" time="4.007"/>
  <system-out/>
  <testcase classname="suresh.RestAssuredPractise.CrudOperations" name="createUser" time="1.317"/>
  <system-out/>
  <testcase classname="suresh.RestAssuredPractise.CrudOperations" name="updateUser" time="0.564"/>
  <system-out/>
  <testcase classname="suresh.RestAssuredPractise.CrudOperations" name="deleteUser" time="0.565"/>
  <system-out/>
</testsuite> <!-- suresh.RestAssuredPractise.CrudOperations -->
