<?xml version="1.0" encoding="UTF-8"?>
<!-- Generated by org.testng.reporters.JUnitReportReporter -->
<testsuite hostname="DESKTOP-7FU9MGT" failures="0" tests="2" name="day6.SerilizationDeserilization" time="1.005" errors="0" timestamp="2023-07-06T20:39:47 IST" skipped="0">
  <testcase classname="day6.SerilizationDeserilization" name="Json2Pojo" time="0.053"/>
  <system-out/>
  <testcase classname="day6.SerilizationDeserilization" name="ConvertPojo2Json" time="0.952"/>
  <system-out/>
</testsuite> <!-- day6.SerilizationDeserilization -->
